<?xml version="1.0" encoding="UTF-8"?>
<!-- Generated by org.testng.reporters.JUnitXMLReporter -->
<testsuite hostname="F04095" ignored="0" name="Login Test" tests="5" failures="0" timestamp="2020-07-26T04:38:51 EDT" time="101.747" errors="0">
  <testcase name="verifyUnregisteredEmail" time="7.691" classname="com.payment.testcases.Login_001_UnregisteredEmail"/>
  <testcase name="verifyUnregisteredPhone" time="6.893" classname="com.payment.testcases.Login_002_UnregisteredPhone"/>
  <testcase name="verifyInvalidEmail1" time="4.48" classname="com.payment.testcases.Login_003_InvalidEmail1"/>
  <testcase name="verifyInvalidEmail2" time="3.788" classname="com.payment.testcases.Login_004_InvalidEmail2"/>
  <testcase name="verifyInvalidPhone" time="6.889" classname="com.payment.testcases.Login_005_InvalidPhone"/>
</testsuite> <!-- Login Test -->
