<?xml version="1.0" encoding="UTF-8"?>
<!-- Generated by org.testng.reporters.JUnitXMLReporter -->
<testsuite hostname="F04095" ignored="0" name="Login Test" tests="7" failures="0" timestamp="2020-07-13T20:13:27 EDT" time="148.519" errors="0">
  <testcase name="verifyUnregisteredEmail" time="8.599" classname="com.payment.testcases.Login_001_UnregisteredEmail"/>
  <testcase name="verifyUnregisteredPhone" time="6.011" classname="com.payment.testcases.Login_002_UnregisteredPhone"/>
  <testcase name="verifyInvalidEmail1" time="6.829" classname="com.payment.testcases.Login_003_InvalidEmail1"/>
  <testcase name="verifyInvalidEmail2" time="6.056" classname="com.payment.testcases.Login_004_InvalidEmail2"/>
  <testcase name="verifyInvalidPhone" time="6.589" classname="com.payment.testcases.Login_005_InvalidPhone"/>
  <testcase name="loginTest" time="6.879" classname="com.payment.testcases.Login_006_RegisteredPhone_IncorrectPassword"/>
  <testcase name="verifyRegisteredPhone_CorrectPassword" time="23.167" classname="com.payment.testcases.Login_007_RegisteredPhone_CorrectPassword"/>
</testsuite> <!-- Login Test -->
